This file contains any messages produced by compilers while
running configure, to aid debugging if configure makes a mistake.

It was created by longPhase configure 1.0, which was
generated by GNU Autoconf 2.69.  Invocation command line was

  $ ./configure 

## --------- ##
## Platform. ##
## --------- ##

hostname = gpuserver
uname -m = x86_64
uname -r = 5.9.0-050900-generic
uname -s = Linux
uname -v = #202010112230 SMP Sun Oct 11 22:34:01 UTC 2020

/usr/bin/uname -p = x86_64
/bin/uname -X     = unknown

/bin/arch              = x86_64
/usr/bin/arch -k       = unknown
/usr/convex/getsysinfo = unknown
/usr/bin/hostinfo      = unknown
/bin/machine           = unknown
/usr/bin/oslevel       = unknown
/bin/universe          = unknown

PATH: /home/jyunhong104/anaconda3/bin
PATH: /home/jyunhong104/anaconda3/condabin
PATH: /usr/local/sbin
PATH: /usr/local/bin
PATH: /usr/sbin
PATH: /usr/bin
PATH: /sbin
PATH: /bin
PATH: /usr/games
PATH: /usr/local/games
PATH: /snap/bin


## ----------- ##
## Core tests. ##
## ----------- ##

configure:1970: checking for ./htslib/htslib/sam.h
configure:1983: result: yes
configure:2041: checking for gawk
configure:2057: found /usr/bin/gawk
configure:2068: result: gawk
configure:2127: checking for gcc
configure:2143: found /usr/bin/gcc
configure:2154: result: gcc
configure:2383: checking for C compiler version
configure:2392: gcc --version >&5
gcc (Ubuntu 9.4.0-1ubuntu1~20.04.1) 9.4.0
Copyright (C) 2019 Free Software Foundation, Inc.
This is free software; see the source for copying conditions.  There is NO
warranty; not even for MERCHANTABILITY or FITNESS FOR A PARTICULAR PURPOSE.

configure:2403: $? = 0
configure:2392: gcc -v >&5
Using built-in specs.
COLLECT_GCC=gcc
COLLECT_LTO_WRAPPER=/usr/lib/gcc/x86_64-linux-gnu/9/lto-wrapper
OFFLOAD_TARGET_NAMES=nvptx-none:hsa
OFFLOAD_TARGET_DEFAULT=1
Target: x86_64-linux-gnu
Configured with: ../src/configure -v --with-pkgversion='Ubuntu 9.4.0-1ubuntu1~20.04.1' --with-bugurl=file:///usr/share/doc/gcc-9/README.Bugs --enable-languages=c,ada,c++,go,brig,d,fortran,objc,obj-c++,gm2 --prefix=/usr --with-gcc-major-version-only --program-suffix=-9 --program-prefix=x86_64-linux-gnu- --enable-shared --enable-linker-build-id --libexecdir=/usr/lib --without-included-gettext --enable-threads=posix --libdir=/usr/lib --enable-nls --enable-clocale=gnu --enable-libstdcxx-debug --enable-libstdcxx-time=yes --with-default-libstdcxx-abi=new --enable-gnu-unique-object --disable-vtable-verify --enable-plugin --enable-default-pie --with-system-zlib --with-target-system-zlib=auto --enable-objc-gc=auto --enable-multiarch --disable-werror --with-arch-32=i686 --with-abi=m64 --with-multilib-list=m32,m64,mx32 --enable-multilib --with-tune=generic --enable-offload-targets=nvptx-none=/build/gcc-9-Av3uEd/gcc-9-9.4.0/debian/tmp-nvptx/usr,hsa --without-cuda-driver --enable-checking=release --build=x86_64-linux-gnu --host=x86_64-linux-gnu --target=x86_64-linux-gnu
Thread model: posix
gcc version 9.4.0 (Ubuntu 9.4.0-1ubuntu1~20.04.1) 
configure:2403: $? = 0
configure:2392: gcc -V >&5
gcc: error: unrecognized command line option '-V'
gcc: fatal error: no input files
compilation terminated.
configure:2403: $? = 1
configure:2392: gcc -qversion >&5
gcc: error: unrecognized command line option '-qversion'; did you mean '--version'?
gcc: fatal error: no input files
compilation terminated.
configure:2403: $? = 1
configure:2423: checking whether the C compiler works
configure:2445: gcc   -Ihtslib/include  -Lhtslib/lib conftest.c  >&5
configure:2449: $? = 0
configure:2497: result: yes
configure:2500: checking for C compiler default output file name
configure:2502: result: a.out
configure:2508: checking for suffix of executables
configure:2515: gcc -o conftest   -Ihtslib/include  -Lhtslib/lib conftest.c  >&5
configure:2519: $? = 0
configure:2541: result: 
configure:2563: checking whether we are cross compiling
configure:2571: gcc -o conftest   -Ihtslib/include  -Lhtslib/lib conftest.c  >&5
configure:2575: $? = 0
configure:2582: ./conftest
configure:2586: $? = 0
configure:2574: result: no
configure:2579: checking for suffix of object files
configure:2601: gcc -c   -Ihtslib/include conftest.c >&5
configure:2605: $? = 0
configure:2626: result: o
configure:2630: checking whether we are using the GNU C compiler
configure:2649: gcc -c   -Ihtslib/include conftest.c >&5
configure:2649: $? = 0
configure:2658: result: yes
configure:2667: checking whether gcc accepts -g
configure:2687: gcc -c -g  -Ihtslib/include conftest.c >&5
configure:2687: $? = 0
configure:2728: result: yes
configure:2745: checking for gcc option to accept ISO C89
configure:2808: gcc  -c -g -O2  -Ihtslib/include conftest.c >&5
configure:2808: $? = 0
configure:2821: result: none needed
configure:2850: checking for special C compiler options needed for large files
configure:2895: result: no
configure:2901: checking for _FILE_OFFSET_BITS value needed for large files
configure:2926: gcc -c -g -O2  -Ihtslib/include conftest.c >&5
configure:2926: $? = 0
configure:2958: result: no
configure:3156: creating ./config.status

## ---------------------- ##
## Running config.status. ##
## ---------------------- ##

This file was extended by longPhase config.status 1.0, which was
generated by GNU Autoconf 2.69.  Invocation command line was

  CONFIG_FILES    = 
  CONFIG_HEADERS  = 
  CONFIG_LINKS    = 
  CONFIG_COMMANDS = 
  $ ./config.status 

on gpuserver

config.status:787: creating config.mk
config.status:787: creating config.h
config.status:957: config.h is unchanged
configure:4381: === configuring in htslib (/gpu_disk/yuchun110/lonphase_github/longphase/htslib)
configure:4444: running /bin/bash ./configure --disable-option-checking '--prefix=/usr/local'  --cache-file=/dev/null --srcdir=.

## ---------------- ##
## Cache variables. ##
## ---------------- ##

ac_cv_c_compiler_gnu=yes
ac_cv_env_CC_set=
ac_cv_env_CC_value=
ac_cv_env_CFLAGS_set=
ac_cv_env_CFLAGS_value=
ac_cv_env_CPPFLAGS_set=
ac_cv_env_CPPFLAGS_value=
ac_cv_env_LDFLAGS_set=
ac_cv_env_LDFLAGS_value=
ac_cv_env_LIBS_set=
ac_cv_env_LIBS_value=
ac_cv_env_build_alias_set=
ac_cv_env_build_alias_value=
ac_cv_env_host_alias_set=
ac_cv_env_host_alias_value=
ac_cv_env_target_alias_set=
ac_cv_env_target_alias_value=
ac_cv_file___htslib_htslib_sam_h=yes
ac_cv_objext=o
ac_cv_prog_AWK=gawk
ac_cv_prog_ac_ct_CC=gcc
ac_cv_prog_cc_c89=
ac_cv_prog_cc_g=yes
ac_cv_sys_file_offset_bits=no
ac_cv_sys_largefile_CC=no
ax_cv_htslib=yes

## ----------------- ##
## Output variables. ##
## ----------------- ##

AWK='gawk'
CC='gcc'
CFLAGS='-g -O2'
CPPFLAGS=' -Ihtslib/include'
DEFS='-DHAVE_CONFIG_H'
ECHO_C=''
ECHO_N='-n'
ECHO_T=''
EXEEXT=''
HTSDIR='htslib'
HTSLIB_CPPFLAGS='-Ihtslib/include'
HTSLIB_LDFLAGS='-Lhtslib/lib'
LDFLAGS=' -Lhtslib/lib'
LIBOBJS=''
LIBS=''
LTLIBOBJS=''
OBJEXT='o'
PACKAGE_BUGREPORT=''
PACKAGE_NAME='longPhase'
PACKAGE_STRING='longPhase 1.0'
PACKAGE_TARNAME='longphase'
PACKAGE_URL=''
PACKAGE_VERSION='1.0'
PATH_SEPARATOR=':'
SHELL='/bin/bash'
ac_ct_CC='gcc'
bindir='${exec_prefix}/bin'
build_alias=''
datadir='${datarootdir}'
datarootdir='${prefix}/share'
docdir='${datarootdir}/doc/${PACKAGE_TARNAME}'
dvidir='${docdir}'
exec_prefix='${prefix}'
host_alias=''
htmldir='${docdir}'
includedir='${prefix}/include'
infodir='${datarootdir}/info'
libdir='${exec_prefix}/lib'
libexecdir='${exec_prefix}/libexec'
localedir='${datarootdir}/locale'
localstatedir='${prefix}/var'
mandir='${datarootdir}/man'
oldincludedir='/usr/include'
pdfdir='${docdir}'
prefix='/usr/local'
program_transform_name='s,x,x,'
psdir='${docdir}'
runstatedir='${localstatedir}/run'
sbindir='${exec_prefix}/sbin'
sharedstatedir='${prefix}/com'
subdirs=' htslib'
sysconfdir='${prefix}/etc'
target_alias=''

## ----------- ##
## confdefs.h. ##
## ----------- ##

/* confdefs.h */
#define PACKAGE_NAME "longPhase"
#define PACKAGE_TARNAME "longphase"
#define PACKAGE_VERSION "1.0"
#define PACKAGE_STRING "longPhase 1.0"
#define PACKAGE_BUGREPORT ""
#define PACKAGE_URL ""

configure: exit 0
